<?xml version="1.0" encoding="UTF-8"?>
<!-- Generated by org.testng.reporters.JUnitReportReporter -->
<testsuite skipped="0" hostname="DESKTOP-QPJS3GR" name="testcases.TC01_Registeration" tests="1" failures="0" timestamp="2023-10-10T05:05:51 HDT" time="16.628" errors="0">
  <testcase name="Registeration_P" time="16.628" classname="testcases.TC01_Registeration"/>
  <system-out/>
</testsuite> <!-- testcases.TC01_Registeration -->
